<?xml version="1.0" encoding="UTF-8"?>
<testng-results ignored="0" total="1" passed="1" failed="0" skipped="0">
  <reporter-output>
  </reporter-output>
  <suite started-at="2023-08-21T14:24:22 IST" name="Surefire suite" finished-at="2023-08-21T14:24:22 IST" duration-ms="37">
    <groups>
    </groups>
    <test started-at="2023-08-21T14:24:22 IST" name="Surefire test" finished-at="2023-08-21T14:24:22 IST" duration-ms="37">
      <class name="TestHelloWorld">
        <test-method signature="testHello()[pri:0, instance:TestHelloWorld@12d3a4e9]" started-at="2023-08-21T14:24:22 IST" name="testHello" finished-at="2023-08-21T14:24:22 IST" duration-ms="5" status="PASS">
          <reporter-output>
          </reporter-output>
        </test-method> <!-- testHello -->
      </class> <!-- TestHelloWorld -->
    </test> <!-- Surefire test -->
  </suite> <!-- Surefire suite -->
</testng-results>
