<?xml version="1.0" encoding="UTF-8"?>
<testng-results ignored="0" total="1" passed="1" failed="0" skipped="0">
  <reporter-output>
  </reporter-output>
  <suite started-at="2023-08-21T23:38:57 IST" name="Default suite" finished-at="2023-08-21T23:38:59 IST" duration-ms="1922">
    <groups>
    </groups>
    <test started-at="2023-08-21T23:38:57 IST" name="Default test" finished-at="2023-08-21T23:38:59 IST" duration-ms="1922">
      <class name="Testcases.Test1">
        <test-method signature="helper5()[pri:0, instance:Testcases.Test1@62150f9e]" started-at="2023-08-21T23:38:58 IST" name="helper5" finished-at="2023-08-21T23:38:59 IST" duration-ms="1878" status="PASS">
          <reporter-output>
          </reporter-output>
        </test-method> <!-- helper5 -->
      </class> <!-- Testcases.Test1 -->
    </test> <!-- Default test -->
  </suite> <!-- Default suite -->
</testng-results>
